<?xml version="1.0" encoding="UTF-8"?>
<testng-results ignored="0" total="1" passed="1" failed="0" skipped="0">
  <reporter-output>
  </reporter-output>
  <suite started-at="2023-03-24T13:31:34 IST" name="Default suite" finished-at="2023-03-24T13:31:34 IST" duration-ms="70">
    <groups>
    </groups>
    <test started-at="2023-03-24T13:31:34 IST" name="Default test" finished-at="2023-03-24T13:31:34 IST" duration-ms="70">
      <class name="Practice.Sampledemo">
        <test-method signature="demo()[pri:0, instance:Practice.Sampledemo@29d89d5d]" started-at="2023-03-24T13:31:34 IST" name="demo" finished-at="2023-03-24T13:31:34 IST" duration-ms="11" status="PASS">
          <reporter-output>
          </reporter-output>
        </test-method> <!-- demo -->
      </class> <!-- Practice.Sampledemo -->
    </test> <!-- Default test -->
  </suite> <!-- Default suite -->
</testng-results>
